19:15:32.231  OpenLST Ground Station ready.
19:15:32.247  Log folder: C:\Users\maxor\source\repos\2022_projects\OpenLST_GroundStation\bin\Release\net8.0-windows\Log
19:15:32.251  Flights folder: C:\Users\maxor\source\repos\2022_projects\OpenLST_GroundStation\bin\Release\net8.0-windows\Flights
19:15:44.367  Connected: COM5 @ 115200
19:15:50.346    ← RX  [RAW] 22 69 35 47 50 53 3A 33 36 2E 30 35 38 38 32 38 2C 2D 38 37 2E 33 38 34 31 31 30 2C 32 35 32 2E 39 2C 38 2C 31 2C 39 38 32 2E 31 39 2C 32 36 31 2E 39 2C 32 31 2E 30 30
19:15:50.351    ← RX  0x36 46  hwid=5047 seq=14931
19:15:50.377    GPS → lat=36.058828 lon=-87.384110 alt=252.9m baro=261.9m sats=8 fix=True
19:15:51.752  RF QA: scanning 905–925 MHz for fundamental...
19:15:51.753  RF QA: snapshot → SCK915_0004_snap001  dongle index 0
19:15:51.754  RF QA: triggering board TX during scan — sending get_telem loop...
19:15:51.806    rtl: Found 1 device(s):
19:15:51.839    rtl: 0:  Nooelec, NESDR SMArt v5, SN: 00000001
19:15:51.860    rtl: Using device 0: Generic RTL2832U OEM
19:15:51.862    rtl: Number of frequency hops: 8
19:15:51.863    rtl: Dongle bandwidth: 2500000Hz
19:15:51.864    rtl: Downsampling by: 1x
19:15:51.865    rtl: Cropping by: 0.00%
19:15:51.866    rtl: Total FFT bins: 2048
19:15:51.867    rtl: Logged FFT bins: 2048
19:15:51.868    rtl: FFT bin size: 9765.63Hz
19:15:51.869    rtl: Buffer size: 16384 bytes (3.28ms)
19:15:51.870    rtl: Reporting every 3 seconds
19:15:52.038    ← RX  [RAW] 22 69 54 04 00 11 00 01 18 00 53 00 00 00 09 00 00 00 00 00 00 00 00 00 04 33 FF FF FF FF FF 02 04 3B FF FF FF FF FF 02 04 43 FF FF AB 80 EE 09 00 00 00 00 00 00 00 00 00 00 00 00 00 00 00 00 00 00 00 00 00 00 00 00 00 00 00 00 00 00 00 00 00 00 00 00 00 00 00
19:15:52.040    ← RX  telem 0  hwid=0004 seq=17
19:15:52.134    rtl: Found Rafael Micro R820T tuner
19:15:52.851    ← RX  [RAW] 22 69 54 04 00 12 00 01 18 00 54 00 00 00 09 00 00 00 00 00 00 00 00 00 04 33 FF FF FF FF FF 02 04 3B FF FF FF FF FF 02 04 43 FF FF 02 8F FF 0A 00 00 00 02 00 00 00 01 00 00 00 00 00 00 00 00 00 00 00 00 00 00 00 00 00 00 00 00 00 00 00 00 00 00 00 00 00 00 00
19:15:52.852    ← RX  telem 0  hwid=0004 seq=18
19:15:52.948    rtl: Tuner gain set to 49.60 dB.
19:15:52.962    rtl: Exact sample rate is: 2500000.107620 Hz
19:15:53.062    rtl: Enabled direct sampling mode, input 2
19:15:53.171    rtl: [R82XX] PLL not locked!
19:15:53.337    rtl: Disabled direct sampling mode
19:15:53.664    ← RX  [RAW] 22 69 54 04 00 13 00 01 18 00 55 00 00 00 09 00 00 00 00 00 00 00 00 00 04 33 FF FF FF FF FF 02 04 3B FF FF FF FF FF 02 04 43 FF FF 01 8D 00 0B 00 00 00 03 00 00 00 02 00 00 00 00 00 00 00 00 00 00 00 00 00 00 00 00 00 00 00 00 00 00 00 00 00 00 00 00 00 00 00
19:15:53.673    ← RX  telem 0  hwid=0004 seq=19
19:15:54.464    ← RX  [RAW] 22 69 54 04 00 14 00 01 18 00 56 00 00 00 09 00 00 00 00 00 00 00 00 00 04 33 FF FF FF FF FF 02 04 3B FF FF FF FF FF 02 04 43 FF FF 01 8F FF 0C 00 00 00 03 00 00 00 03 00 00 00 00 00 00 00 00 00 00 00 00 00 00 00 00 00 00 00 00 00 00 00 00 00 00 00 00 00 00 00
19:15:54.467    ← RX  telem 0  hwid=0004 seq=20
19:15:55.278    ← RX  [RAW] 22 69 54 04 00 15 00 01 18 00 57 00 00 00 09 00 00 00 00 00 00 00 00 00 04 33 FF FF FF FF FF 02 04 3B FF FF FF FF FF 02 04 43 FF FF 01 92 FF 0D 00 00 00 05 00 00 00 04 00 00 00 00 00 00 00 00 00 00 00 00 00 00 00 00 00 00 00 00 00 00 00 00 00 00 00 00 00 00 00
19:15:55.281    ← RX  telem 0  hwid=0004 seq=21
19:15:56.079    ← RX  [RAW] 22 69 54 04 00 16 00 01 18 00 57 00 00 00 09 00 00 00 00 00 00 00 00 00 04 33 FF FF FF FF FF 02 04 3B FF FF FF FF FF 02 04 43 FF FF 01 90 00 0E 00 00 00 05 00 00 00 05 00 00 00 00 00 00 00 00 00 00 00 00 00 00 00 00 00 00 00 00 00 00 00 00 00 00 00 00 00 00 00
19:15:56.082    ← RX  telem 0  hwid=0004 seq=22
19:15:56.893    ← RX  [RAW] 22 69 54 04 00 17 00 01 18 00 58 00 00 00 09 00 00 00 00 00 00 00 00 00 04 33 FF FF FF FF FF 02 04 3B FF FF FF FF FF 02 04 43 FF FF 01 90 FE 0F 00 00 00 07 00 00 00 06 00 00 00 00 00 00 00 00 00 00 00 00 00 00 00 00 00 00 00 00 00 00 00 00 00 00 00 00 00 00 00
19:15:56.896    ← RX  telem 0  hwid=0004 seq=23
19:15:57.706    ← RX  [RAW] 22 69 54 04 00 18 00 01 18 00 59 00 00 00 09 00 00 00 00 00 00 00 00 00 04 33 FF FF FF FF FF 02 04 3B FF FF FF FF FF 02 04 43 FF FF 00 93 FE 10 00 00 00 08 00 00 00 07 00 00 00 00 00 00 00 00 00 00 00 00 00 00 00 00 00 00 00 00 00 00 00 00 00 00 00 00 00 00 00
19:15:57.709    ← RX  telem 0  hwid=0004 seq=24
19:15:58.519    ← RX  [RAW] 22 69 54 04 00 19 00 01 18 00 5A 00 00 00 09 00 00 00 00 00 00 00 00 00 04 33 FF FF FF FF FF 02 04 3B FF FF FF FF FF 02 04 43 FF FF 01 94 FF 11 00 00 00 09 00 00 00 08 00 00 00 00 00 00 00 00 00 00 00 00 00 00 00 00 00 00 00 00 00 00 00 00 00 00 00 00 00 00 00
19:15:58.522    ← RX  telem 0  hwid=0004 seq=25
19:15:59.333    ← RX  [RAW] 22 69 54 04 00 1A 00 01 18 00 5B 00 00 00 09 00 00 00 00 00 00 00 00 00 04 33 FF FF FF FF FF 02 04 3B FF FF FF FF FF 02 04 43 FF FF FE 91 FF 12 00 00 00 0A 00 00 00 09 00 00 00 00 00 00 00 00 00 00 00 00 00 00 00 00 00 00 00 00 00 00 00 00 00 00 00 00 00 00 00
19:15:59.336    ← RX  telem 0  hwid=0004 seq=26
19:16:00.143    ← RX  [RAW] 22 69 54 04 00 1B 00 01 18 00 5B 00 00 00 09 00 00 00 00 00 00 00 00 00 04 33 FF FF FF FF FF 02 04 3B FF FF FF FF FF 02 04 43 FF FF 02 97 FF 13 00 00 00 0B 00 00 00 0A 00 00 00 00 00 00 00 00 00 00 00 00 00 00 00 00 00 00 00 00 00 00 00 00 00 00 00 00 00 00 00
19:16:00.145    ← RX  telem 0  hwid=0004 seq=27
19:16:00.511    ← RX  [RAW] 22 69 35 47 50 53 3A 33 36 2E 30 35 38 38 35 32 2C 2D 38 37 2E 33 38 34 30 35 30 2C 32 34 33 2E 35 2C 38 2C 31 2C 39 38 32 2E 32 31 2C 32 36 31 2E 37 2C 32 31 2E 30 32
19:16:00.514    ← RX  0x36 46  hwid=5047 seq=14931
19:16:00.517    GPS → lat=36.058852 lon=-87.384050 alt=243.5m baro=261.7m sats=8 fix=True
19:16:00.949    ← RX  [RAW] 22 69 54 04 00 1C 00 01 18 00 5C 00 00 00 0A 00 00 00 00 00 00 00 00 00 04 33 FF FF FF FF FF 02 04 3B FF FF FF FF FF 02 04 43 FF FF AB 80 EE 15 00 00 00 0C 00 00 00 0B 00 00 00 00 00 00 00 00 00 00 00 00 00 00 00 00 00 00 00 00 00 00 00 00 00 00 00 00 00 00 00
19:16:00.952    ← RX  telem 0  hwid=0004 seq=28
19:16:01.761    ← RX  [RAW] 22 69 54 04 00 1D 00 01 18 00 5D 00 00 00 0A 00 00 00 00 00 00 00 00 00 04 33 FF FF FF FF FF 02 04 3B FF FF FF FF FF 02 04 43 FF FF FF 8B FD 16 00 00 00 0D 00 00 00 0C 00 00 00 00 00 00 00 00 00 00 00 00 00 00 00 00 00 00 00 00 00 00 00 00 00 00 00 00 00 00 00
19:16:01.764    ← RX  telem 0  hwid=0004 seq=29
19:16:02.019    rtl: User cancel, exiting...
19:16:02.325  RF QA: snapshot saved → QA_Snapshots\SCK915_0004_snap001_fund.csv
19:16:02.327  RF QA: fundamental scan got 2049 frequency bins.
19:16:02.330  Harmonic region above NESDR Smart tuner range — use TinySA for harmonic check.
19:16:02.337  RF QA: peak at 921.543 MHz = -0.8 dBm (searched 1639 bins)
19:16:02.340    bin: 921.543 MHz = -0.8 dBm
19:16:02.343    bin: 921.553 MHz = -2.7 dBm
19:16:02.345    bin: 912.500 MHz = -5.3 dBm
19:16:02.347    bin: 915.000 MHz = -5.4 dBm
19:16:02.350    bin: 921.563 MHz = -7.1 dBm
19:16:02.363  RF QA [0004] → FAIL | Freq: 921.543 MHz (+6543.0 kHz) | H2: N/A | H3: N/A
19:16:04.642  RF QA: scanning 905–925 MHz for fundamental...
19:16:04.644  RF QA: snapshot → SCK915_0004_snap002  dongle index 0
19:16:04.647  RF QA: triggering board TX during scan — sending get_telem loop...
19:16:04.692    rtl: Found 1 device(s):
19:16:04.726    rtl: 0:  Nooelec, NESDR SMArt v5, SN: 00000001
19:16:04.747    rtl: Using device 0: Generic RTL2832U OEM
19:16:04.750    rtl: Number of frequency hops: 8
19:16:04.752    rtl: Dongle bandwidth: 2500000Hz
19:16:04.754    rtl: Downsampling by: 1x
19:16:04.757    rtl: Cropping by: 0.00%
19:16:04.759    rtl: Total FFT bins: 2048
19:16:04.761    rtl: Logged FFT bins: 2048
19:16:04.763    rtl: FFT bin size: 9765.63Hz
19:16:04.765    rtl: Buffer size: 16384 bytes (3.28ms)
19:16:04.768    rtl: Reporting every 3 seconds
19:16:04.924    ← RX  [RAW] 22 69 54 04 00 1E 00 01 18 00 60 00 00 00 0A 00 00 00 00 00 00 00 00 00 04 33 FF FF FF FF FF 02 04 3B FF FF FF FF FF 02 04 43 FF FF 02 98 FE 17 00 00 00 0D 00 00 00 0D 00 00 00 00 00 00 00 00 00 00 00 00 00 00 00 00 00 00 00 00 00 00 00 00 00 00 00 00 00 00 00
19:16:04.927    ← RX  telem 0  hwid=0004 seq=30
19:16:05.028    rtl: Found Rafael Micro R820T tuner
19:16:05.736    ← RX  [RAW] 22 69 54 04 00 1F 00 01 18 00 61 00 00 00 0A 00 00 00 00 00 00 00 00 00 04 33 FF FF FF FF FF 02 04 3B FF FF FF FF FF 02 04 43 FF FF 02 92 FD 18 00 00 00 0F 00 00 00 0E 00 00 00 00 00 00 00 00 00 00 00 00 00 00 00 00 00 00 00 00 00 00 00 00 00 00 00 00 00 00 00
19:16:05.739    ← RX  telem 0  hwid=0004 seq=31
19:16:05.839    rtl: Tuner gain set to 49.60 dB.
19:16:05.854    rtl: Exact sample rate is: 2500000.107620 Hz
19:16:05.964    rtl: Enabled direct sampling mode, input 2
19:16:06.083    rtl: [R82XX] PLL not locked!
19:16:06.254    rtl: Disabled direct sampling mode
19:16:06.550    ← RX  [RAW] 22 69 54 04 00 20 00 01 18 00 62 00 00 00 0A 00 00 00 00 00 00 00 00 00 04 33 FF FF FF FF FF 02 04 3B FF FF FF FF FF 02 04 43 FF FF 02 8D FD 19 00 00 00 10 00 00 00 0F 00 00 00 00 00 00 00 00 00 00 00 00 00 00 00 00 00 00 00 00 00 00 00 00 00 00 00 00 00 00 00
19:16:06.552    ← RX  telem 0  hwid=0004 seq=32
19:16:07.364    ← RX  [RAW] 22 69 54 04 00 21 00 01 18 00 63 00 00 00 0A 00 00 00 00 00 00 00 00 00 04 33 FF FF FF FF FF 02 04 3B FF FF FF FF FF 02 04 43 FF FF 01 A3 00 1A 00 00 00 11 00 00 00 10 00 00 00 00 00 00 00 00 00 00 00 00 00 00 00 00 00 00 00 00 00 00 00 00 00 00 00 00 00 00 00
19:16:07.367    ← RX  telem 0  hwid=0004 seq=33
19:16:08.167    ← RX  [RAW] 22 69 54 04 00 22 00 01 18 00 63 00 00 00 0A 00 00 00 00 00 00 00 00 00 04 33 FF FF FF FF FF 02 04 3B FF FF FF FF FF 02 04 43 FF FF 02 93 FF 1B 00 00 00 11 00 00 00 11 00 00 00 00 00 00 00 00 00 00 00 00 00 00 00 00 00 00 00 00 00 00 00 00 00 00 00 00 00 00 00
19:16:08.170    ← RX  telem 0  hwid=0004 seq=34
19:16:08.966    ← RX  [RAW] 22 69 54 04 00 23 00 01 18 00 64 00 00 00 0A 00 00 00 00 00 00 00 00 00 04 33 FF FF FF FF FF 02 04 3B FF FF FF FF FF 02 04 43 FF FF 02 8F FF 1C 00 00 00 12 00 00 00 12 00 00 00 00 00 00 00 00 00 00 00 00 00 00 00 00 00 00 00 00 00 00 00 00 00 00 00 00 00 00 00
19:16:08.969    ← RX  telem 0  hwid=0004 seq=35
19:16:09.782    ← RX  [RAW] 22 69 54 04 00 24 00 01 18 00 65 00 00 00 0A 00 00 00 00 00 00 00 00 00 04 33 FF FF FF FF FF 02 04 3B FF FF FF FF FF 02 04 43 FF FF 01 A0 FF 1D 00 00 00 14 00 00 00 13 00 00 00 00 00 00 00 00 00 00 00 00 00 00 00 00 00 00 00 00 00 00 00 00 00 00 00 00 00 00 00
19:16:09.785    ← RX  telem 0  hwid=0004 seq=36
19:16:10.585    ← RX  [RAW] 22 69 54 04 00 25 00 01 18 00 66 00 00 00 0A 00 00 00 00 00 00 00 00 00 04 33 FF FF FF FF FF 02 04 3B FF FF FF FF FF 02 04 43 FF FF 02 91 FF 1E 00 00 00 14 00 00 00 14 00 00 00 00 00 00 00 00 00 00 00 00 00 00 00 00 00 00 00 00 00 00 00 00 00 00 00 00 00 00 00
19:16:10.588    ← RX  telem 0  hwid=0004 seq=37
19:16:11.384    ← RX  [RAW] 22 69 54 04 00 26 00 01 18 00 67 00 00 00 0B 00 00 00 00 00 00 00 00 00 04 33 FF FF FF FF FF 02 04 3B FF FF FF FF FF 02 04 43 FF FF 01 8D FF 20 00 00 00 15 00 00 00 15 00 00 00 00 00 00 00 00 00 00 00 00 00 00 00 00 00 00 00 00 00 00 00 00 00 00 00 00 00 00 00
19:16:11.387    ← RX  telem 0  hwid=0004 seq=38
19:16:12.186    ← RX  [RAW] 22 69 54 04 00 27 00 01 18 00 67 00 00 00 0B 00 00 00 00 00 00 00 00 00 04 33 FF FF FF FF FF 02 04 3B FF FF FF FF FF 02 04 43 FF FF 02 90 FF 21 00 00 00 16 00 00 00 16 00 00 00 00 00 00 00 00 00 00 00 00 00 00 00 00 00 00 00 00 00 00 00 00 00 00 00 00 00 00 00
19:16:12.189    ← RX  telem 0  hwid=0004 seq=39
19:16:13.001    ← RX  [RAW] 22 69 54 04 00 28 00 01 18 00 68 00 00 00 0B 00 00 00 00 00 00 00 00 00 04 33 FF FF FF FF FF 02 04 3B FF FF FF FF FF 02 04 43 FF FF 03 91 FF 22 00 00 00 18 00 00 00 17 00 00 00 00 00 00 00 00 00 00 00 00 00 00 00 00 00 00 00 00 00 00 00 00 00 00 00 00 00 00 00
19:16:13.004    ← RX  telem 0  hwid=0004 seq=40
19:16:13.816    ← RX  [RAW] 22 69 54 04 00 29 00 01 18 00 69 00 00 00 0B 00 00 00 00 00 00 00 00 00 04 33 FF FF FF FF FF 02 04 3B FF FF FF FF FF 02 04 43 FF FF 03 93 FF 23 00 00 00 19 00 00 00 18 00 00 00 00 00 00 00 00 00 00 00 00 00 00 00 00 00 00 00 00 00 00 00 00 00 00 00 00 00 00 00
19:16:13.819    ← RX  telem 0  hwid=0004 seq=41
19:16:14.617    ← RX  [RAW] 22 69 54 04 00 2A 00 01 18 00 6A 00 00 00 0B 00 00 00 00 00 00 00 00 00 04 33 FF FF FF FF FF 02 04 3B FF FF FF FF FF 02 04 43 FF FF 02 8C FE 24 00 00 00 19 00 00 00 19 00 00 00 00 00 00 00 00 00 00 00 00 00 00 00 00 00 00 00 00 00 00 00 00 00 00 00 00 00 00 00
19:16:14.620    ← RX  telem 0  hwid=0004 seq=42
19:16:15.416    ← RX  [RAW] 22 69 54 04 00 2B 00 01 18 00 6B 00 00 00 0B 00 00 00 00 00 00 00 00 00 04 33 FF FF FF FF FF 02 04 3B FF FF FF FF FF 02 04 43 FF FF 01 C2 FF 25 00 00 00 1A 00 00 00 1A 00 00 00 00 00 00 00 00 00 00 00 00 00 00 00 00 00 00 00 00 00 00 00 00 00 00 00 00 00 00 00
19:16:15.419    ← RX  telem 0  hwid=0004 seq=43
19:16:15.485    rtl: User cancel, exiting...
19:16:15.617  RF QA: snapshot saved → QA_Snapshots\SCK915_0004_snap002_fund.csv
19:16:15.626  RF QA: fundamental scan got 2049 frequency bins.
19:16:15.628  Harmonic region above NESDR Smart tuner range — use TinySA for harmonic check.
19:16:15.632  RF QA: peak at 912.500 MHz = -5.8 dBm (searched 1639 bins)
19:16:15.634    bin: 912.500 MHz = -5.8 dBm
19:16:15.637    bin: 915.000 MHz = -5.8 dBm
19:16:15.639    bin: 914.990 MHz = -8.4 dBm
19:16:15.641    bin: 917.490 MHz = -9.4 dBm
19:16:15.644    bin: 917.500 MHz = -9.4 dBm
19:16:15.648  RF QA [0004] → PASS | Freq: 912.500 MHz (-2500.0 kHz) | H2: N/A | H3: N/A
